<?xml version="1.0" encoding="UTF-8"?>
<!-- Generated by org.testng.reporters.JUnitXMLReporter -->
<testsuite ignored="1" hostname="DESKTOP-PRI1S77" failures="0" tests="2" name="Test" time="26.981" errors="0" timestamp="2021-05-30T21:33:53 IST">
  <testcase classname="com.ActiTime.TestCases.loginTest" name="VerifyActitimeVersion" time="5.733"/>
  <testcase classname="com.ActiTime.TestCases.loginTest" name="login" time="4.364"/>
  <testcase classname="com.ActiTime.TestCases.loginTest" name="CreateUser" time="0.0">
    <ignored/>
  </testcase> <!-- CreateUser -->
</testsuite> <!-- Test -->
