<?xml version="1.0" encoding="UTF-8"?>
<testng-results ignored="1" total="3" passed="2" failed="0" skipped="0">
  <reporter-output>
    <line>
      <![CDATA[actiTime version is actiTIME 2017.4]]>
    </line>
    <line>
      <![CDATA[build version is (build 39769)]]>
    </line>
    <line>
      <![CDATA[java version is 1.8.0_92-b14]]>
    </line>
  </reporter-output>
  <suite started-at="2021-05-30T21:33:26 IST" name="Suite" finished-at="2021-05-30T21:33:53 IST" duration-ms="26981">
    <groups>
    </groups>
    <test started-at="2021-05-30T21:33:26 IST" name="Test" finished-at="2021-05-30T21:33:53 IST" duration-ms="26981">
      <class name="com.ActiTime.TestCases.loginTest">
        <test-method is-config="true" signature="SetUp()[pri:0, instance:com.ActiTime.TestCases.loginTest@71b1176b]" started-at="2021-05-30T21:33:27 IST" name="SetUp" finished-at="2021-05-30T21:33:34 IST" duration-ms="7128" status="PASS">
          <reporter-output>
          </reporter-output>
        </test-method> <!-- SetUp -->
        <test-method signature="VerifyActitimeVersion(java.util.Map)[pri:0, instance:com.ActiTime.TestCases.loginTest@71b1176b]" started-at="2021-05-30T21:33:34 IST" name="VerifyActitimeVersion" finished-at="2021-05-30T21:33:40 IST" duration-ms="5733" status="PASS">
          <params>
            <param index="0">
              <value>
                <![CDATA[{firstname=, retrypassword=, loginpassword=manager, testcasename=VerifyActitimeVersion, middlename=, execute=yes, lastname=, password=, browser=firefox, email=, createusername=, username=admin}]]>
              </value>
            </param>
          </params>
          <reporter-output>
            <line>
              <![CDATA[actiTime version is actiTIME 2017.4]]>
            </line>
            <line>
              <![CDATA[build version is (build 39769)]]>
            </line>
            <line>
              <![CDATA[java version is 1.8.0_92-b14]]>
            </line>
          </reporter-output>
        </test-method> <!-- VerifyActitimeVersion -->
        <test-method is-config="true" signature="teardown()[pri:0, instance:com.ActiTime.TestCases.loginTest@71b1176b]" started-at="2021-05-30T21:33:40 IST" name="teardown" finished-at="2021-05-30T21:33:41 IST" duration-ms="1131" status="PASS">
          <reporter-output>
          </reporter-output>
        </test-method> <!-- teardown -->
        <test-method is-config="true" signature="SetUp()[pri:0, instance:com.ActiTime.TestCases.loginTest@71b1176b]" started-at="2021-05-30T21:33:41 IST" name="SetUp" finished-at="2021-05-30T21:33:47 IST" duration-ms="6166" status="PASS">
          <reporter-output>
          </reporter-output>
        </test-method> <!-- SetUp -->
        <test-method signature="login(java.util.Map)[pri:0, instance:com.ActiTime.TestCases.loginTest@71b1176b]" started-at="2021-05-30T21:33:47 IST" name="login" finished-at="2021-05-30T21:33:51 IST" duration-ms="4364" status="PASS">
          <params>
            <param index="0">
              <value>
                <![CDATA[{firstname=, retrypassword=, loginpassword=manager, testcasename=login, middlename=, execute=yes, lastname=, password=, browser=firefox, email=, createusername=, username=admin}]]>
              </value>
            </param>
          </params>
          <reporter-output>
          </reporter-output>
        </test-method> <!-- login -->
        <test-method is-config="true" signature="teardown()[pri:0, instance:com.ActiTime.TestCases.loginTest@71b1176b]" started-at="2021-05-30T21:33:52 IST" name="teardown" finished-at="2021-05-30T21:33:53 IST" duration-ms="1139" status="PASS">
          <reporter-output>
          </reporter-output>
        </test-method> <!-- teardown -->
      </class> <!-- com.ActiTime.TestCases.loginTest -->
    </test> <!-- Test -->
  </suite> <!-- Suite -->
</testng-results>
